<?xml version="1.0" encoding="UTF-8"?>
<!-- Generated by org.testng.reporters.JUnitXMLReporter -->
<testsuite ignored="0" hostname="RamLaptop" failures="0" tests="3" name="Test" time="40.054" errors="0" timestamp="2020-10-30T10:26:46 IST">
  <testcase classname="TestCases.NavigateHome" name="navigateHome" time="7.292"/>
  <testcase classname="TestCases.NavigateHome" name="navigateHome" time="5.612"/>
  <testcase classname="TestCases.Register" name="Register" time="14.882"/>
</testsuite> <!-- Test -->
