<?xml version="1.0" encoding="UTF-8"?>
<testng-results ignored="0" total="3" passed="3" failed="0" skipped="0">
  <reporter-output>
  </reporter-output>
  <suite started-at="2020-10-30T10:26:06 IST" name="Suite" finished-at="2020-10-30T10:26:46 IST" duration-ms="40054">
    <groups>
    </groups>
    <test started-at="2020-10-30T10:26:06 IST" name="Test" finished-at="2020-10-30T10:26:46 IST" duration-ms="40054">
      <class name="TestCases.NavigateHome">
        <test-method is-config="true" signature="initialize()[pri:0, instance:TestCases.NavigateHome@358c99f5]" started-at="2020-10-30T10:26:06 IST" name="initialize" finished-at="2020-10-30T10:26:12 IST" duration-ms="6277" status="PASS">
          <reporter-output>
          </reporter-output>
        </test-method> <!-- initialize -->
        <test-method signature="navigateHome(java.lang.String, java.lang.String)[pri:0, instance:TestCases.NavigateHome@358c99f5]" started-at="2020-10-30T10:26:18 IST" name="navigateHome" data-provider="getData" finished-at="2020-10-30T10:26:25 IST" duration-ms="7292" status="PASS">
          <params>
            <param index="0">
              <value>
                <![CDATA[rightuser]]>
              </value>
            </param>
            <param index="1">
              <value>
                <![CDATA[123456]]>
              </value>
            </param>
          </params>
          <reporter-output>
          </reporter-output>
        </test-method> <!-- navigateHome -->
        <test-method signature="navigateHome(java.lang.String, java.lang.String)[pri:0, instance:TestCases.NavigateHome@358c99f5]" started-at="2020-10-30T10:26:25 IST" name="navigateHome" data-provider="getData" finished-at="2020-10-30T10:26:31 IST" duration-ms="5612" status="PASS">
          <params>
            <param index="0">
              <value>
                <![CDATA[wronguser]]>
              </value>
            </param>
            <param index="1">
              <value>
                <![CDATA[123456]]>
              </value>
            </param>
          </params>
          <reporter-output>
          </reporter-output>
        </test-method> <!-- navigateHome -->
        <test-method is-config="true" signature="close()[pri:0, instance:TestCases.NavigateHome@358c99f5]" started-at="2020-10-30T10:26:46 IST" name="close" finished-at="2020-10-30T10:26:46 IST" duration-ms="151" status="PASS">
          <reporter-output>
          </reporter-output>
        </test-method> <!-- close -->
      </class> <!-- TestCases.NavigateHome -->
      <class name="TestCases.Register">
        <test-method is-config="true" signature="initialize()[pri:0, instance:TestCases.Register@3ee0fea4]" started-at="2020-10-30T10:26:12 IST" name="initialize" finished-at="2020-10-30T10:26:18 IST" duration-ms="5605" status="PASS">
          <reporter-output>
          </reporter-output>
        </test-method> <!-- initialize -->
        <test-method signature="Register()[pri:0, instance:TestCases.Register@3ee0fea4]" started-at="2020-10-30T10:26:31 IST" name="Register" finished-at="2020-10-30T10:26:46 IST" duration-ms="14882" status="PASS">
          <reporter-output>
          </reporter-output>
        </test-method> <!-- Register -->
        <test-method is-config="true" signature="close()[pri:0, instance:TestCases.Register@3ee0fea4]" started-at="2020-10-30T10:26:46 IST" name="close" finished-at="2020-10-30T10:26:46 IST" duration-ms="148" status="PASS">
          <reporter-output>
          </reporter-output>
        </test-method> <!-- close -->
      </class> <!-- TestCases.Register -->
    </test> <!-- Test -->
  </suite> <!-- Suite -->
</testng-results>
