<?xml version="1.0" encoding="UTF-8"?>
<testng-results ignored="0" total="2" passed="2" failed="0" skipped="0">
  <reporter-output>
  </reporter-output>
  <suite started-at="2020-10-30T10:17:06 IST" name="Default suite" finished-at="2020-10-30T10:17:24 IST" duration-ms="18787">
    <groups>
    </groups>
    <test started-at="2020-10-30T10:17:06 IST" name="Default test" finished-at="2020-10-30T10:17:24 IST" duration-ms="18787">
      <class name="TestCases.NavigateHome">
        <test-method is-config="true" signature="initialize()[pri:0, instance:TestCases.NavigateHome@6193932a]" started-at="2020-10-30T10:17:06 IST" name="initialize" finished-at="2020-10-30T10:17:12 IST" duration-ms="6633" status="PASS">
          <reporter-output>
          </reporter-output>
        </test-method> <!-- initialize -->
        <test-method signature="navigateHome(java.lang.String, java.lang.String)[pri:0, instance:TestCases.NavigateHome@6193932a]" started-at="2020-10-30T10:17:12 IST" name="navigateHome" data-provider="getData" finished-at="2020-10-30T10:17:19 IST" duration-ms="6563" status="PASS">
          <params>
            <param index="0">
              <value>
                <![CDATA[rightuser]]>
              </value>
            </param>
            <param index="1">
              <value>
                <![CDATA[123456]]>
              </value>
            </param>
          </params>
          <reporter-output>
          </reporter-output>
        </test-method> <!-- navigateHome -->
        <test-method signature="navigateHome(java.lang.String, java.lang.String)[pri:0, instance:TestCases.NavigateHome@6193932a]" started-at="2020-10-30T10:17:19 IST" name="navigateHome" data-provider="getData" finished-at="2020-10-30T10:17:24 IST" duration-ms="5504" status="PASS">
          <params>
            <param index="0">
              <value>
                <![CDATA[wronguser]]>
              </value>
            </param>
            <param index="1">
              <value>
                <![CDATA[123456]]>
              </value>
            </param>
          </params>
          <reporter-output>
          </reporter-output>
        </test-method> <!-- navigateHome -->
      </class> <!-- TestCases.NavigateHome -->
    </test> <!-- Default test -->
  </suite> <!-- Default suite -->
</testng-results>
